2016-01-05 18:19:30-0500 [-] Log opened.
2016-01-05 18:19:30-0500 [-] twistd 15.5.0 (/usr/bin/python 2.7.10) starting up.
2016-01-05 18:19:30-0500 [-] reactor class: twisted.internet.epollreactor.EPollReactor.
2016-01-05 18:19:30-0500 [-] Site starting on 80
2016-01-05 18:19:30-0500 [-] Starting factory <twisted.web.server.Site instance at 0xb64cf72c>
2016-01-05 18:19:40-0500 [-] "127.0.0.1" - - [05/Jan/2016:23:19:40 +0000] "GET / HTTP/1.1" 200 95 "-" "Mozilla/5.0 (X11; Fedora; Linux i686; rv:43.0) Gecko/20100101 Firefox/43.0"
2016-01-05 18:19:41-0500 [-] "127.0.0.1" - - [05/Jan/2016:23:19:40 +0000] "GET /favicon.ico HTTP/1.1" 404 145 "-" "Mozilla/5.0 (X11; Fedora; Linux i686; rv:43.0) Gecko/20100101 Firefox/43.0"
2016-01-05 18:23:30-0500 [-] Received SIGTERM, shutting down.
2016-01-05 18:23:30-0500 [-] (TCP Port 80 Closed)
2016-01-05 18:23:30-0500 [-] Stopping factory <twisted.web.server.Site instance at 0xb64cf72c>
2016-01-05 18:23:30-0500 [-] Main loop terminated.
2016-01-05 18:23:30-0500 [-] Server Shut Down.
2016-01-05 18:23:37-0500 [-] Log opened.
2016-01-05 18:23:37-0500 [-] twistd 15.5.0 (/usr/bin/python 2.7.10) starting up.
2016-01-05 18:23:37-0500 [-] reactor class: twisted.internet.epollreactor.EPollReactor.
2016-01-05 18:23:37-0500 [-] Site starting on 80
2016-01-05 18:23:37-0500 [-] Starting factory <twisted.web.server.Site instance at 0xb63e572c>
2016-01-05 18:23:49-0500 [-] Received SIGTERM, shutting down.
2016-01-05 18:23:49-0500 [-] (TCP Port 80 Closed)
2016-01-05 18:23:49-0500 [-] Stopping factory <twisted.web.server.Site instance at 0xb63e572c>
2016-01-05 18:23:49-0500 [-] Main loop terminated.
2016-01-05 18:23:49-0500 [-] Server Shut Down.
2016-01-05 19:11:34-0500 [-] Log opened.
2016-01-05 19:11:34-0500 [-] twistd 15.5.0 (/usr/bin/python 2.7.10) starting up.
2016-01-05 19:11:34-0500 [-] reactor class: twisted.internet.epollreactor.EPollReactor.
2016-01-05 19:11:34-0500 [-] Site starting on 80
2016-01-05 19:11:34-0500 [-] Starting factory <twisted.web.server.Site instance at 0xb643f72c>
2016-01-05 19:12:04-0500 [-] "127.0.0.1" - - [06/Jan/2016:00:12:04 +0000] "GET / HTTP/1.1" 200 129 "-" "Mozilla/5.0 (X11; Fedora; Linux i686; rv:43.0) Gecko/20100101 Firefox/43.0"
2016-01-05 19:12:04-0500 [-] "127.0.0.1" - - [06/Jan/2016:00:12:04 +0000] "GET /favicon.ico HTTP/1.1" 404 145 "-" "Mozilla/5.0 (X11; Fedora; Linux i686; rv:43.0) Gecko/20100101 Firefox/43.0"
2016-01-05 19:12:06-0500 [-] "127.0.0.1" - - [06/Jan/2016:00:12:05 +0000] "GET /goodbye.html HTTP/1.1" 200 120 "http://localhost/" "Mozilla/5.0 (X11; Fedora; Linux i686; rv:43.0) Gecko/20100101 Firefox/43.0"
2016-01-05 19:12:07-0500 [-] "127.0.0.1" - - [06/Jan/2016:00:12:07 +0000] "GET /index.html HTTP/1.1" 200 129 "http://localhost/goodbye.html" "Mozilla/5.0 (X11; Fedora; Linux i686; rv:43.0) Gecko/20100101 Firefox/43.0"
2016-01-05 19:17:44-0500 [-] Received SIGTERM, shutting down.
2016-01-05 19:17:44-0500 [-] (TCP Port 80 Closed)
2016-01-05 19:17:44-0500 [-] Stopping factory <twisted.web.server.Site instance at 0xb643f72c>
2016-01-05 19:17:44-0500 [-] Main loop terminated.
2016-01-05 19:17:44-0500 [-] Server Shut Down.
2016-01-05 19:18:59-0500 [-] Log opened.
2016-01-05 19:18:59-0500 [-] twistd 15.5.0 (/usr/bin/python 2.7.10) starting up.
2016-01-05 19:18:59-0500 [-] reactor class: twisted.internet.epollreactor.EPollReactor.
2016-01-05 19:18:59-0500 [-] Site starting on 80
2016-01-05 19:18:59-0500 [-] Starting factory <twisted.web.server.Site instance at 0xb648b42c>
2016-01-05 19:19:07-0500 [-] "127.0.0.1" - - [06/Jan/2016:00:19:06 +0000] "GET / HTTP/1.1" 304 - "-" "Mozilla/5.0 (X11; Fedora; Linux i686; rv:43.0) Gecko/20100101 Firefox/43.0"
2016-01-05 19:19:10-0500 [-] "127.0.0.1" - - [06/Jan/2016:00:19:09 +0000] "GET /apache HTTP/1.1" 404 145 "-" "Mozilla/5.0 (X11; Fedora; Linux i686; rv:43.0) Gecko/20100101 Firefox/43.0"
2016-01-05 19:19:59-0500 [-] "127.0.0.1" - - [06/Jan/2016:00:19:58 +0000] "GET /apache/ HTTP/1.1" 404 145 "-" "Mozilla/5.0 (X11; Fedora; Linux i686; rv:43.0) Gecko/20100101 Firefox/43.0"
2016-01-05 19:20:27-0500 [-] "127.0.0.1" - - [06/Jan/2016:00:20:26 +0000] "GET /apache/ HTTP/1.1" 404 145 "-" "Mozilla/5.0 (X11; Fedora; Linux i686; rv:43.0) Gecko/20100101 Firefox/43.0"
2016-01-05 19:20:30-0500 [-] "127.0.0.1" - - [06/Jan/2016:00:20:29 +0000] "GET / HTTP/1.1" 304 - "-" "Mozilla/5.0 (X11; Fedora; Linux i686; rv:43.0) Gecko/20100101 Firefox/43.0"
2016-01-05 19:20:36-0500 [-] "127.0.0.1" - - [06/Jan/2016:00:20:36 +0000] "GET /apache HTTP/1.1" 404 145 "-" "Mozilla/5.0 (X11; Fedora; Linux i686; rv:43.0) Gecko/20100101 Firefox/43.0"
2016-01-05 19:21:18-0500 [-] "127.0.0.1" - - [06/Jan/2016:00:21:18 +0000] "GET /apache/index.html HTTP/1.1" 404 145 "-" "Mozilla/5.0 (X11; Fedora; Linux i686; rv:43.0) Gecko/20100101 Firefox/43.0"
2016-01-05 19:22:08-0500 [-] Received SIGTERM, shutting down.
2016-01-05 19:22:08-0500 [-] (TCP Port 80 Closed)
2016-01-05 19:22:08-0500 [-] Stopping factory <twisted.web.server.Site instance at 0xb648b42c>
2016-01-05 19:22:08-0500 [-] Main loop terminated.
2016-01-05 19:22:08-0500 [-] Server Shut Down.
2016-01-05 19:22:11-0500 [-] Log opened.
2016-01-05 19:22:11-0500 [-] twistd 15.5.0 (/usr/bin/python 2.7.10) starting up.
2016-01-05 19:22:11-0500 [-] reactor class: twisted.internet.epollreactor.EPollReactor.
2016-01-05 19:22:11-0500 [-] Site starting on 80
2016-01-05 19:22:11-0500 [-] Starting factory <twisted.web.server.Site instance at 0xb64963cc>
2016-01-05 19:22:15-0500 [-] "127.0.0.1" - - [06/Jan/2016:00:22:14 +0000] "GET / HTTP/1.1" 304 - "-" "Mozilla/5.0 (X11; Fedora; Linux i686; rv:43.0) Gecko/20100101 Firefox/43.0"
2016-01-05 19:22:18-0500 [-] "127.0.0.1" - - [06/Jan/2016:00:22:17 +0000] "GET /apache HTTP/1.1" 302 226 "-" "Mozilla/5.0 (X11; Fedora; Linux i686; rv:43.0) Gecko/20100101 Firefox/43.0"
2016-01-05 19:22:18-0500 [-] "127.0.0.1" - - [06/Jan/2016:00:22:17 +0000] "GET /apache/ HTTP/1.1" 200 128 "-" "Mozilla/5.0 (X11; Fedora; Linux i686; rv:43.0) Gecko/20100101 Firefox/43.0"
2016-01-05 19:22:30-0500 [-] "127.0.0.1" - - [06/Jan/2016:00:22:30 +0000] "GET /apache/index.html HTTP/1.1" 200 128 "-" "Mozilla/5.0 (X11; Fedora; Linux i686; rv:43.0) Gecko/20100101 Firefox/43.0"
2016-01-05 19:31:13-0500 [-] Received SIGTERM, shutting down.
2016-01-05 19:31:13-0500 [-] (TCP Port 80 Closed)
2016-01-05 19:31:13-0500 [-] Stopping factory <twisted.web.server.Site instance at 0xb64963cc>
2016-01-05 19:31:13-0500 [-] Main loop terminated.
2016-01-05 19:31:13-0500 [-] Server Shut Down.
2016-01-05 19:31:17-0500 [-] Log opened.
2016-01-05 19:31:17-0500 [-] twistd 15.5.0 (/usr/bin/python 2.7.10) starting up.
2016-01-05 19:31:17-0500 [-] reactor class: twisted.internet.epollreactor.EPollReactor.
2016-01-05 19:31:17-0500 [-] Site starting on 80
2016-01-05 19:31:17-0500 [-] Starting factory <twisted.web.server.Site instance at 0xb655102c>
2016-01-05 19:31:23-0500 [-] "127.0.0.1" - - [06/Jan/2016:00:31:23 +0000] "GET / HTTP/1.1" 200 57 "-" "Mozilla/5.0 (X11; Fedora; Linux i686; rv:43.0) Gecko/20100101 Firefox/43.0"
2016-01-05 19:31:27-0500 [-] "127.0.0.1" - - [06/Jan/2016:00:31:27 +0000] "GET /2015 HTTP/1.1" 200 2176 "-" "Mozilla/5.0 (X11; Fedora; Linux i686; rv:43.0) Gecko/20100101 Firefox/43.0"
2016-01-05 19:31:38-0500 [-] "127.0.0.1" - - [06/Jan/2016:00:31:37 +0000] "GET /1000 HTTP/1.1" 200 2179 "-" "Mozilla/5.0 (X11; Fedora; Linux i686; rv:43.0) Gecko/20100101 Firefox/43.0"
2016-01-05 19:31:49-0500 [-] "127.0.0.1" - - [06/Jan/2016:00:31:48 +0000] "GET /1002 HTTP/1.1" 200 2118 "-" "Mozilla/5.0 (X11; Fedora; Linux i686; rv:43.0) Gecko/20100101 Firefox/43.0"
2016-01-05 19:31:56-0500 [HTTPChannel,0,127.0.0.1] Unhandled Error
	Traceback (most recent call last):
	  File "/usr/lib/python2.7/site-packages/twisted/protocols/basic.py", line 571, in dataReceived
	    why = self.lineReceived(line)
	  File "/usr/lib/python2.7/site-packages/twisted/web/http.py", line 1720, in lineReceived
	    self.allContentReceived()
	  File "/usr/lib/python2.7/site-packages/twisted/web/http.py", line 1799, in allContentReceived
	    req.requestReceived(command, path, version)
	  File "/usr/lib/python2.7/site-packages/twisted/web/http.py", line 832, in requestReceived
	    self.process()
	--- <exception caught here> ---
	  File "/usr/lib/python2.7/site-packages/twisted/web/server.py", line 183, in process
	    self.render(resrc)
	  File "/usr/lib/python2.7/site-packages/twisted/web/server.py", line 234, in render
	    body = resrc.render(self)
	  File "/usr/lib/python2.7/site-packages/twisted/web/resource.py", line 250, in render
	    return m(request)
	  File "example3.tac", line 15, in render_GET
	    return "<html><body><pre>%s</pre></body></html>" % (calendar(self.year),)
	  File "/usr/lib/python2.7/calendar.py", line 347, in formatyear
	    for (i, row) in enumerate(self.yeardays2calendar(theyear, m)):
	  File "/usr/lib/python2.7/calendar.py", line 242, in yeardays2calendar
	    for i in range(January, January+12)
	  File "/usr/lib/python2.7/calendar.py", line 209, in monthdays2calendar
	    days = list(self.itermonthdays2(year, month))
	  File "/usr/lib/python2.7/calendar.py", line 177, in itermonthdays2
	    for date in self.itermonthdates(year, month):
	  File "/usr/lib/python2.7/calendar.py", line 157, in itermonthdates
	    date = datetime.date(year, month, 1)
	exceptions.ValueError: year is out of range
	
2016-01-05 19:31:56-0500 [-] "127.0.0.1" - - [06/Jan/2016:00:31:56 +0000] "GET /1200000000 HTTP/1.1" 500 8422 "-" "Mozilla/5.0 (X11; Fedora; Linux i686; rv:43.0) Gecko/20100101 Firefox/43.0"
2016-01-05 19:32:00-0500 [HTTPChannel,0,127.0.0.1] Unhandled Error
	Traceback (most recent call last):
	  File "/usr/lib/python2.7/site-packages/twisted/protocols/basic.py", line 571, in dataReceived
	    why = self.lineReceived(line)
	  File "/usr/lib/python2.7/site-packages/twisted/web/http.py", line 1720, in lineReceived
	    self.allContentReceived()
	  File "/usr/lib/python2.7/site-packages/twisted/web/http.py", line 1799, in allContentReceived
	    req.requestReceived(command, path, version)
	  File "/usr/lib/python2.7/site-packages/twisted/web/http.py", line 832, in requestReceived
	    self.process()
	--- <exception caught here> ---
	  File "/usr/lib/python2.7/site-packages/twisted/web/server.py", line 183, in process
	    self.render(resrc)
	  File "/usr/lib/python2.7/site-packages/twisted/web/server.py", line 234, in render
	    body = resrc.render(self)
	  File "/usr/lib/python2.7/site-packages/twisted/web/resource.py", line 250, in render
	    return m(request)
	  File "example3.tac", line 15, in render_GET
	    return "<html><body><pre>%s</pre></body></html>" % (calendar(self.year),)
	  File "/usr/lib/python2.7/calendar.py", line 347, in formatyear
	    for (i, row) in enumerate(self.yeardays2calendar(theyear, m)):
	  File "/usr/lib/python2.7/calendar.py", line 242, in yeardays2calendar
	    for i in range(January, January+12)
	  File "/usr/lib/python2.7/calendar.py", line 209, in monthdays2calendar
	    days = list(self.itermonthdays2(year, month))
	  File "/usr/lib/python2.7/calendar.py", line 177, in itermonthdays2
	    for date in self.itermonthdates(year, month):
	  File "/usr/lib/python2.7/calendar.py", line 157, in itermonthdates
	    date = datetime.date(year, month, 1)
	exceptions.ValueError: year is out of range
	
2016-01-05 19:32:00-0500 [-] "127.0.0.1" - - [06/Jan/2016:00:31:59 +0000] "GET /120000 HTTP/1.1" 500 8422 "-" "Mozilla/5.0 (X11; Fedora; Linux i686; rv:43.0) Gecko/20100101 Firefox/43.0"
2016-01-05 19:32:03-0500 [-] "127.0.0.1" - - [06/Jan/2016:00:32:02 +0000] "GET /1200 HTTP/1.1" 200 2093 "-" "Mozilla/5.0 (X11; Fedora; Linux i686; rv:43.0) Gecko/20100101 Firefox/43.0"
2016-01-05 19:32:07-0500 [-] "127.0.0.1" - - [06/Jan/2016:00:32:06 +0000] "GET /9999 HTTP/1.1" 200 2121 "-" "Mozilla/5.0 (X11; Fedora; Linux i686; rv:43.0) Gecko/20100101 Firefox/43.0"
2016-01-05 19:32:11-0500 [HTTPChannel,0,127.0.0.1] Unhandled Error
	Traceback (most recent call last):
	  File "/usr/lib/python2.7/site-packages/twisted/protocols/basic.py", line 571, in dataReceived
	    why = self.lineReceived(line)
	  File "/usr/lib/python2.7/site-packages/twisted/web/http.py", line 1720, in lineReceived
	    self.allContentReceived()
	  File "/usr/lib/python2.7/site-packages/twisted/web/http.py", line 1799, in allContentReceived
	    req.requestReceived(command, path, version)
	  File "/usr/lib/python2.7/site-packages/twisted/web/http.py", line 832, in requestReceived
	    self.process()
	--- <exception caught here> ---
	  File "/usr/lib/python2.7/site-packages/twisted/web/server.py", line 183, in process
	    self.render(resrc)
	  File "/usr/lib/python2.7/site-packages/twisted/web/server.py", line 234, in render
	    body = resrc.render(self)
	  File "/usr/lib/python2.7/site-packages/twisted/web/resource.py", line 250, in render
	    return m(request)
	  File "example3.tac", line 15, in render_GET
	    return "<html><body><pre>%s</pre></body></html>" % (calendar(self.year),)
	  File "/usr/lib/python2.7/calendar.py", line 347, in formatyear
	    for (i, row) in enumerate(self.yeardays2calendar(theyear, m)):
	  File "/usr/lib/python2.7/calendar.py", line 242, in yeardays2calendar
	    for i in range(January, January+12)
	  File "/usr/lib/python2.7/calendar.py", line 209, in monthdays2calendar
	    days = list(self.itermonthdays2(year, month))
	  File "/usr/lib/python2.7/calendar.py", line 177, in itermonthdays2
	    for date in self.itermonthdates(year, month):
	  File "/usr/lib/python2.7/calendar.py", line 157, in itermonthdates
	    date = datetime.date(year, month, 1)
	exceptions.ValueError: year is out of range
	
2016-01-05 19:32:11-0500 [-] "127.0.0.1" - - [06/Jan/2016:00:32:11 +0000] "GET /10000 HTTP/1.1" 500 8422 "-" "Mozilla/5.0 (X11; Fedora; Linux i686; rv:43.0) Gecko/20100101 Firefox/43.0"
2016-01-05 19:32:16-0500 [-] "127.0.0.1" - - [06/Jan/2016:00:32:15 +0000] "GET /9999 HTTP/1.1" 200 2121 "-" "Mozilla/5.0 (X11; Fedora; Linux i686; rv:43.0) Gecko/20100101 Firefox/43.0"
2016-01-05 19:33:37-0500 [-] Received SIGTERM, shutting down.
2016-01-05 19:33:37-0500 [-] (TCP Port 80 Closed)
2016-01-05 19:33:37-0500 [-] Stopping factory <twisted.web.server.Site instance at 0xb655102c>
2016-01-05 19:33:37-0500 [-] Main loop terminated.
2016-01-05 19:33:37-0500 [-] Server Shut Down.
2016-01-05 19:37:35-0500 [-] Log opened.
2016-01-05 19:37:35-0500 [-] twistd 15.5.0 (/usr/bin/python 2.7.10) starting up.
2016-01-05 19:37:35-0500 [-] reactor class: twisted.internet.epollreactor.EPollReactor.
2016-01-05 19:37:35-0500 [-] Site starting on 80
2016-01-05 19:37:35-0500 [-] Starting factory <twisted.web.server.Site instance at 0xb64fbf2c>
2016-01-05 19:37:39-0500 [-] "127.0.0.1" - - [06/Jan/2016:00:37:39 +0000] "GET / HTTP/1.1" 200 196 "-" "Mozilla/5.0 (X11; Fedora; Linux i686; rv:43.0) Gecko/20100101 Firefox/43.0"
2016-01-05 19:37:44-0500 [-] "127.0.0.1" - - [06/Jan/2016:00:37:43 +0000] "POST / HTTP/1.1" 200 82 "http://localhost/" "Mozilla/5.0 (X11; Fedora; Linux i686; rv:43.0) Gecko/20100101 Firefox/43.0"
2016-01-05 19:37:51-0500 [-] "127.0.0.1" - - [06/Jan/2016:00:37:51 +0000] "POST / HTTP/1.1" 200 89 "http://localhost/" "Mozilla/5.0 (X11; Fedora; Linux i686; rv:43.0) Gecko/20100101 Firefox/43.0"
2016-01-05 19:43:20-0500 [-] Received SIGTERM, shutting down.
2016-01-05 19:43:20-0500 [-] (TCP Port 80 Closed)
2016-01-05 19:43:20-0500 [-] Stopping factory <twisted.web.server.Site instance at 0xb64fbf2c>
2016-01-05 19:43:20-0500 [-] Main loop terminated.
2016-01-05 19:43:20-0500 [-] Server Shut Down.
2016-01-17 16:44:35-0500 [-] Log opened.
2016-01-17 16:44:35-0500 [-] twistd 15.5.0 (/root/anaconda2/bin/python 2.7.10) starting up.
2016-01-17 16:44:35-0500 [-] reactor class: twisted.internet.epollreactor.EPollReactor.
2016-01-17 16:44:35-0500 [-] Site starting on 80
2016-01-17 16:44:35-0500 [-] Starting factory <twisted.web.server.Site instance at 0x7fa33a4b5368>
2016-01-17 16:44:48-0500 [-] "127.0.0.1" - - [17/Jan/2016:21:44:47 +0000] "GET / HTTP/1.1" 200 71 "-" "Mozilla/5.0 (X11; Fedora; Linux x86_64; rv:38.0) Gecko/20100101 Firefox/38.0"
2016-01-17 16:44:48-0500 [-] "127.0.0.1" - - [17/Jan/2016:21:44:47 +0000] "GET /favicon.ico HTTP/1.1" 404 167 "-" "Mozilla/5.0 (X11; Fedora; Linux x86_64; rv:38.0) Gecko/20100101 Firefox/38.0"
2016-01-17 16:44:48-0500 [-] "127.0.0.1" - - [17/Jan/2016:21:44:47 +0000] "GET /favicon.ico HTTP/1.1" 404 167 "-" "Mozilla/5.0 (X11; Fedora; Linux x86_64; rv:38.0) Gecko/20100101 Firefox/38.0"
2016-01-17 17:27:57-0500 [-] Received SIGTERM, shutting down.
2016-01-17 17:27:58-0500 [-] (TCP Port 80 Closed)
2016-01-17 17:27:58-0500 [-] Stopping factory <twisted.web.server.Site instance at 0x7fa33a4b5368>
2016-01-17 17:27:58-0500 [-] Main loop terminated.
2016-01-17 17:27:58-0500 [-] Server Shut Down.
